docker images
REPOSITORY                  TAG                 IMAGE ID            CREATED             SIZE
enkov/ubuntu-tmp-file       latest              e33a870270d5        38 seconds ago      111MB
ubuntu                      16.04               2a4cca5ac898        8 days ago          111MB
williamyeh/ansible          ubuntu16.04         1451e3a36bdc        5 weeks ago         453MB
alpine                      latest              e21c333399e0        7 weeks ago         4.14MB
ansible/ansible             default             176a81450584        2 months ago        1.87GB
hello-world                 latest              f2a91732366c        2 months ago        1.85kB
mysql                       latest              3e3878acd190        3 months ago        412MB
xujinkai/aria2-with-webui   latest              45c6c1aff1b3        5 months ago        28.5MB


docker inspect e33a870270d5 (image)

[
    {
        "Id": "sha256:e33a870270d5411ff2e16668a103071ded814aca6e8baeb6f29f92fa2eefe25e",
        "RepoTags": [
            "enkov/ubuntu-tmp-file:latest"
        ],
        "RepoDigests": [],
        "Parent": "sha256:2a4cca5ac898476c2c47a8d6a17102e00241d6fa377fbe4d50787fe3d7a8d4d6",
        "Comment": "",
        "Created": "2018-01-24T05:54:14.698048576Z",
        "Container": "23583ba6ba9226c6173ad87e7e8c3f2a60b2257bb502fa9c8a0f746fd0983298",
        "ContainerConfig": {
            "Hostname": "23583ba6ba92",
            "Domainname": "",
            "User": "",
            "AttachStdin": true,
            "AttachStdout": true,
            "AttachStderr": true,
            "Tty": true,
            "OpenStdin": true,
            "StdinOnce": true,
            "Env": [
                "PATH=/usr/local/sbin:/usr/local/bin:/usr/sbin:/usr/bin:/sbin:/bin"
            ],
            "Cmd": [
                "/bin/bash"
            ],
            "Image": "ubuntu:16.04",
            "Volumes": null,
            "WorkingDir": "",
            "Entrypoint": null,
            "OnBuild": null,
            "Labels": {}
        },
        "DockerVersion": "17.12.0-ce",
        "Author": "",
        "Config": {
            "Hostname": "",
            "Domainname": "",
            "User": "",
            "AttachStdin": false,
            "AttachStdout": false,
            "AttachStderr": false,
            "Tty": false,
            "OpenStdin": false,
            "StdinOnce": false,
            "Env": [
                "PATH=/usr/local/sbin:/usr/local/bin:/usr/sbin:/usr/bin:/sbin:/bin"
            ],
            "Cmd": [
                "/bin/bash"
            ],
            "Image": "",
            "Volumes": null,
            "WorkingDir": "",
            "Entrypoint": null,
            "OnBuild": null,
            "Labels": {}
        },
        "Architecture": "amd64",
        "Os": "linux",
        "Size": 111493583,
        "VirtualSize": 111493583,
        "GraphDriver": {
            "Data": {
                "LowerDir": "/var/lib/docker/overlay2/4e265da16ad599a4facf0fac2d425bd8b903a75e5a0cfdb14138f0ee7b17d867/diff:/var/lib/docker/overlay2/3771887df60a65d1a0a28918c10a13edd0551f37355fdb516b23bd8fae6f37a4/diff:/var/lib/docker/overlay2/62a7fb132381b00c030821864c3a41c83cdb912f689389cb63db01c5d0889b17/diff:/var/lib/docker/overlay2/afb107b66f95adf6e222c9aa42467de5c6a2150dfb2ac35abfe8fd188c1e4464/diff:/var/lib/docker/overlay2/20b1df4eb88bde5d642b896c6b4ac9252071ab3c3f02564a53c36f53bace2a8e/diff",
                "MergedDir": "/var/lib/docker/overlay2/bf627f1c146a267fe4065e23556707a201121bfcf9b023d2fbd85d5870cdbaea/merged",
                "UpperDir": "/var/lib/docker/overlay2/bf627f1c146a267fe4065e23556707a201121bfcf9b023d2fbd85d5870cdbaea/diff",
                "WorkDir": "/var/lib/docker/overlay2/bf627f1c146a267fe4065e23556707a201121bfcf9b023d2fbd85d5870cdbaea/work"
            },
            "Name": "overlay2"
        },
        "RootFS": {
            "Type": "layers",
            "Layers": [
                "sha256:833649a3e04c96faf218d8082b3533fa0674664f4b361c93cad91cf97222b733",
                "sha256:a6a01ad8b53fac9c52a907f40b70a6c61fe305db83a63ae83c970e7be1029d86",
                "sha256:d2bb1fc88136e1c5d59909e7704a9eb6671ea7aa4a0d4272f3e2689fc31a6bd1",
                "sha256:2bbb3cec611d9e3c4016eba00c9f87c51c7d03e54ccd9f12f8f04ac369f5243d",
                "sha256:8600ee70176b569d0776833f106d239d56043cb854a5edbb74aff6c5e8d4782d",
                "sha256:623b11f2a4494ab93bffd03cf22e4da11aca52f992e0a1710e60d36610bbb88d"
            ]
        },
        "Metadata": {
            "LastTagTime": "2018-01-24T09:54:14.706412731+04:00"
        }
    }
]

docker inspect 23583ba6ba92 (container)

[
    {
        "Id": "23583ba6ba9226c6173ad87e7e8c3f2a60b2257bb502fa9c8a0f746fd0983298",
        "Created": "2018-01-24T05:50:04.9994308Z",
        "Path": "/bin/bash",
        "Args": [],
        "State": {
            "Status": "running",
            "Running": true,
            "Paused": false,
            "Restarting": false,
            "OOMKilled": false,
            "Dead": false,
            "Pid": 16394,
            "ExitCode": 0,
            "Error": "",
            "StartedAt": "2018-01-24T05:51:44.092712651Z",
            "FinishedAt": "2018-01-24T05:50:28.310444341Z"
        },
        "Image": "sha256:2a4cca5ac898476c2c47a8d6a17102e00241d6fa377fbe4d50787fe3d7a8d4d6",
        "ResolvConfPath": "/var/lib/docker/containers/23583ba6ba9226c6173ad87e7e8c3f2a60b2257bb502fa9c8a0f746fd0983298/resolv.conf",
        "HostnamePath": "/var/lib/docker/containers/23583ba6ba9226c6173ad87e7e8c3f2a60b2257bb502fa9c8a0f746fd0983298/hostname",
        "HostsPath": "/var/lib/docker/containers/23583ba6ba9226c6173ad87e7e8c3f2a60b2257bb502fa9c8a0f746fd0983298/hosts",
        "LogPath": "/var/lib/docker/containers/23583ba6ba9226c6173ad87e7e8c3f2a60b2257bb502fa9c8a0f746fd0983298/23583ba6ba9226c6173ad87e7e8c3f2a60b2257bb502fa9c8a0f746fd0983298-json.log",
        "Name": "/friendly_austin",
        "RestartCount": 0,
        "Driver": "overlay2",
        "Platform": "linux",
        "MountLabel": "",
        "ProcessLabel": "",
        "AppArmorProfile": "docker-default",
        "ExecIDs": null,
        "HostConfig": {
            "Binds": null,
            "ContainerIDFile": "",
            "LogConfig": {
                "Type": "json-file",
                "Config": {}
            },
            "NetworkMode": "default",
            "PortBindings": {},
            "RestartPolicy": {
                "Name": "no",
                "MaximumRetryCount": 0
            },
            "AutoRemove": false,
            "VolumeDriver": "",
            "VolumesFrom": null,
            "CapAdd": null,
            "CapDrop": null,
            "Dns": [],
            "DnsOptions": [],
            "DnsSearch": [],
            "ExtraHosts": null,
            "GroupAdd": null,
            "IpcMode": "shareable",
            "Cgroup": "",
            "Links": null,
            "OomScoreAdj": 0,
            "PidMode": "",
            "Privileged": false,
            "PublishAllPorts": false,
            "ReadonlyRootfs": false,
            "SecurityOpt": null,
            "UTSMode": "",
            "UsernsMode": "",
            "ShmSize": 67108864,
            "Runtime": "runc",
            "ConsoleSize": [
                0,
                0
            ],
            "Isolation": "",
            "CpuShares": 0,
            "Memory": 0,
            "NanoCpus": 0,
            "CgroupParent": "",
            "BlkioWeight": 0,
            "BlkioWeightDevice": [],
            "BlkioDeviceReadBps": null,
            "BlkioDeviceWriteBps": null,
            "BlkioDeviceReadIOps": null,
            "BlkioDeviceWriteIOps": null,
            "CpuPeriod": 0,
            "CpuQuota": 0,
            "CpuRealtimePeriod": 0,
            "CpuRealtimeRuntime": 0,
            "CpusetCpus": "",
            "CpusetMems": "",
            "Devices": [],
            "DeviceCgroupRules": null,
            "DiskQuota": 0,
            "KernelMemory": 0,
            "MemoryReservation": 0,
            "MemorySwap": 0,
            "MemorySwappiness": null,
            "OomKillDisable": false,
            "PidsLimit": 0,
            "Ulimits": null,
            "CpuCount": 0,
            "CpuPercent": 0,
            "IOMaximumIOps": 0,
            "IOMaximumBandwidth": 0
        },
        "GraphDriver": {
            "Data": {
                "LowerDir": "/var/lib/docker/overlay2/926cac294ba63044ffa72c9e5cbf9b5e67759a4d8f3f31143b1f5bfff4909899-init/diff:/var/lib/docker/overlay2/4e265da16ad599a4facf0fac2d425bd8b903a75e5a0cfdb14138f0ee7b17d867/diff:/var/lib/docker/overlay2/3771887df60a65d1a0a28918c10a13edd0551f37355fdb516b23bd8fae6f37a4/diff:/var/lib/docker/overlay2/62a7fb132381b00c030821864c3a41c83cdb912f689389cb63db01c5d0889b17/diff:/var/lib/docker/overlay2/afb107b66f95adf6e222c9aa42467de5c6a2150dfb2ac35abfe8fd188c1e4464/diff:/var/lib/docker/overlay2/20b1df4eb88bde5d642b896c6b4ac9252071ab3c3f02564a53c36f53bace2a8e/diff",
                "MergedDir": "/var/lib/docker/overlay2/926cac294ba63044ffa72c9e5cbf9b5e67759a4d8f3f31143b1f5bfff4909899/merged",
                "UpperDir": "/var/lib/docker/overlay2/926cac294ba63044ffa72c9e5cbf9b5e67759a4d8f3f31143b1f5bfff4909899/diff",
                "WorkDir": "/var/lib/docker/overlay2/926cac294ba63044ffa72c9e5cbf9b5e67759a4d8f3f31143b1f5bfff4909899/work"
            },
            "Name": "overlay2"
        },
        "Mounts": [],
        "Config": {
            "Hostname": "23583ba6ba92",
            "Domainname": "",
            "User": "",
            "AttachStdin": true,
            "AttachStdout": true,
            "AttachStderr": true,
            "Tty": true,
            "OpenStdin": true,
            "StdinOnce": true,
            "Env": [
                "PATH=/usr/local/sbin:/usr/local/bin:/usr/sbin:/usr/bin:/sbin:/bin"
            ],
            "Cmd": [
                "/bin/bash"
            ],
            "Image": "ubuntu:16.04",
            "Volumes": null,
            "WorkingDir": "",
            "Entrypoint": null,
            "OnBuild": null,
            "Labels": {}
        },
        "NetworkSettings": {
            "Bridge": "",
            "SandboxID": "44dc632e94ab4add8ff6a70b1c74d9210b520239e87b296b65433a6adc6f5015",
            "HairpinMode": false,
            "LinkLocalIPv6Address": "",
            "LinkLocalIPv6PrefixLen": 0,
            "Ports": {},
            "SandboxKey": "/var/run/docker/netns/44dc632e94ab",
            "SecondaryIPAddresses": null,
            "SecondaryIPv6Addresses": null,
            "EndpointID": "a869302cb09d37d03fc8c7b9f85650636e59c95c9b3d4d52262654af875dfe5a",
            "Gateway": "172.17.0.1",
            "GlobalIPv6Address": "",
            "GlobalIPv6PrefixLen": 0,
            "IPAddress": "172.17.0.2",
            "IPPrefixLen": 16,
            "IPv6Gateway": "",
            "MacAddress": "02:42:ac:11:00:02",
            "Networks": {
                "bridge": {
                    "IPAMConfig": null,
                    "Links": null,
                    "Aliases": null,
                    "NetworkID": "8ca71d6cf719fc368ed3dab471fc4bd59099f3c21b30c80cb4d8e8d31bb69282",
                    "EndpointID": "a869302cb09d37d03fc8c7b9f85650636e59c95c9b3d4d52262654af875dfe5a",
                    "Gateway": "172.17.0.1",
                    "IPAddress": "172.17.0.2",
                    "IPPrefixLen": 16,
                    "IPv6Gateway": "",
                    "GlobalIPv6Address": "",
                    "GlobalIPv6PrefixLen": 0,
                    "MacAddress": "02:42:ac:11:00:02",
                    "DriverOpts": null
                }
            }
        }
    }
]
